[Message:   BepInEx] BepInEx 5.4.21.0 - EscapeFromTarkov (01.10.2023 00:53:28)
[Info   :   BepInEx] Running under Unity v0.13.5.2628
[Info   :   BepInEx] CLR runtime version: 4.0.30319.42000
[Info   :   BepInEx] Supports SRE: True
[Info   :   BepInEx] System platform: Bits64, Windows
[Message:   BepInEx] Preloader started
[Info   :   BepInEx] Loaded 1 patcher method from [BepInEx.Preloader 5.4.21.0]
[Info   :   BepInEx] Loaded 1 patcher method from [aki_PrePatch 1.0.0.0]
[Info   :   BepInEx] 2 patcher plugins loaded
[Info   :   BepInEx] Patching [UnityEngine.CoreModule] with [BepInEx.Chainloader]
[Info   :   BepInEx] Patching [Assembly-CSharp] with [Aki.PrePatch.AkiBotsPrePatcher]
[Message:   BepInEx] Preloader finished
[Message:   BepInEx] Chainloader ready
[Message:   BepInEx] Chainloader started
[Info   :   BepInEx] 10 plugins to load
[Info   :   BepInEx] Loading [Graphics 1.5.3]
[Info   :   BepInEx] Loading [Configuration Manager 16.4.1]
[Info   :   BepInEx] Loading [AKI.Core 3.7.0]
[Info   :  AKI.Core] Loading: Aki.Core
[Info   :ModulePatch] Enabled patch ConsistencySinglePatch
[Info   :ModulePatch] Enabled patch ConsistencyMultiPatch
[Info   :ModulePatch] Enabled patch BattlEyePatch
[Info   :ModulePatch] Enabled patch SslCertificatePatch
[Info   :ModulePatch] Enabled patch UnityWebRequestPatch
[Info   :ModulePatch] Enabled patch WebSocketPatch
[Info   :ModulePatch] Enabled patch TransportPrefixPatch
[Info   :  AKI.Core] Completed: Aki.Core
[Info   :   BepInEx] Loading [AKI.Custom 3.7.0]
[Info   :AKI.Custom] Loading: Aki.Custom
[Info   :RequestHandler] Request GET json: fe7ff28d6cefef4139741166:http://127.0.0.1:6969/singleplayer/bundles
[Info   :RequestHandler] Request was successful
[Info   :ModulePatch] Enabled patch EasyAssetsPatch
[Info   :ModulePatch] Enabled patch EasyBundlePatch
[Info   :ModulePatch] Enabled patch BossSpawnChancePatch
[Info   :ModulePatch] Enabled patch BotDifficultyPatch
[Info   :ModulePatch] Enabled patch CoreDifficultyPatch
[Info   :ModulePatch] Enabled patch OfflineRaidMenuPatch
[Info   :ModulePatch] Enabled patch OfflineRaidSettingsMenuPatch
[Info   :ModulePatch] Enabled patch SessionIdPatch
[Info   :ModulePatch] Enabled patch VersionLabelPatch
[Info   :ModulePatch] Enabled patch IsEnemyPatch
[Info   :ModulePatch] Enabled patch LocationLootCacheBustingPatch
[Info   :ModulePatch] Enabled patch CheckAndAddEnemyPatch
[Info   :ModulePatch] Enabled patch BotSelfEnemyPatch
[Info   :ModulePatch] Enabled patch AddEnemyToAllGroupsInBotZonePatch
[Info   :ModulePatch] Enabled patch AirdropPatch
[Info   :ModulePatch] Enabled patch AirdropFlarePatch
[Info   :ModulePatch] Enabled patch AddSptBotSettingsPatch
[Info   :ModulePatch] Enabled patch CustomAiPatch
[Info   :ModulePatch] Enabled patch ExitWhileLootingPatch
[Info   :ModulePatch] Enabled patch QTEPatch
[Info   :ModulePatch] Enabled patch PmcFirstAidPatch
[Info   :ModulePatch] Enabled patch SettingsLocationPatch
[Info   :ModulePatch] Enabled patch RagfairFeePatch
[Info   :AKI.Custom] Completed: Aki.Custom
[Info   :   BepInEx] Loading [AKI.Debugging 3.7.0]
[Info   :AKI.Debugging] Loading: Aki.Debugging
[Info   :ModulePatch] Enabled patch EndRaidDebug
[Info   :AKI.Debugging] Completed: Aki.Debugging
[Info   :   BepInEx] Loading [AKI.Singleplayer 3.7.0]
[Info   :AKI.Singleplayer] Loading: Aki.SinglePlayer
[Info   :ModulePatch] Enabled patch OfflineSaveProfilePatch
[Info   :ModulePatch] Enabled patch OfflineSpawnPointPatch
[Info   :ModulePatch] Enabled patch ExperienceGainPatch
[Info   :ModulePatch] Enabled patch ScavExperienceGainPatch
[Info   :ModulePatch] Enabled patch MainMenuControllerPatch
[Info   :ModulePatch] Enabled patch PlayerPatch
[Info   :ModulePatch] Enabled patch SelectLocationScreenPatch
[Info   :ModulePatch] Enabled patch InsuranceScreenPatch
[Info   :ModulePatch] Enabled patch BotTemplateLimitPatch
[Info   :ModulePatch] Enabled patch GetNewBotTemplatesPatch
[Warning:  HarmonyX] RemoveUsedBotProfilePatch: You should only patch implemented methods/constructors to avoid issues. Patch the declared method virtual EFT.Profile GClass511::GetNewProfile(GClass513 data, bool withDelete) instead of virtual EFT.Profile GClass511::GetNewProfile(GClass513 data, bool withDelete).
[Info   :ModulePatch] Enabled patch RemoveUsedBotProfilePatch
[Info   :ModulePatch] Enabled patch DogtagPatch
[Info   :ModulePatch] Enabled patch LoadOfflineRaidScreenPatch
[Info   :ModulePatch] Enabled patch ScavPrefabLoadPatch
[Info   :ModulePatch] Enabled patch ScavProfileLoadPatch
[Info   :ModulePatch] Enabled patch ScavExfilPatch
[Info   :ModulePatch] Enabled patch ExfilPointManagerPatch
[Info   :ModulePatch] Enabled patch TinnitusFixPatch
[Info   :ModulePatch] Enabled patch MaxBotPatch
[Info   :ModulePatch] Enabled patch SpawnPmcPatch
[Info   :ModulePatch] Enabled patch PostRaidHealingPricePatch
[Info   :ModulePatch] Enabled patch EndByTimerPatch
[Info   :ModulePatch] Enabled patch PostRaidHealScreenPatch
[Info   :ModulePatch] Enabled patch VoIPTogglerPatch
[Info   :ModulePatch] Enabled patch MidRaidQuestChangePatch
[Info   :ModulePatch] Enabled patch HealthControllerPatch
[Info   :ModulePatch] Enabled patch LighthouseBridgePatch
[Info   :ModulePatch] Enabled patch LighthouseTransmitterPatch
[Info   :ModulePatch] Enabled patch EmptyInfilFixPatch
[Info   :ModulePatch] Enabled patch SmokeGrenadeFuseSoundFixPatch
[Info   :ModulePatch] Enabled patch PlayerToggleSoundFixPatch
[Info   :ModulePatch] Enabled patch PluginErrorNotifierPatch
[Info   :ModulePatch] Enabled patch SpawnProcessNegativeValuePatch
[Info   :ModulePatch] Enabled patch InsuredItemManagerStartPatch
[Info   :ModulePatch] Enabled patch MapReadyButtonPatch
[Info   :AKI.Singleplayer] Completed: Aki.SinglePlayer
[Info   :   BepInEx] Loading [DrakiaXYZ-BigBrain 0.3.0.0]
[Info   :DrakiaXYZ-BigBrain] Loading: DrakiaXYZ-BigBrain
[Info   :ModulePatch] Enabled patch BotBaseBrainActivatePatch
[Info   :ModulePatch] Enabled patch BotBrainCreateLogicNodePatch
[Info   :ModulePatch] Enabled patch BotBaseBrainUpdatePatch
[Info   :ModulePatch] Enabled patch BotAgentUpdatePatch
[Info   :ModulePatch] Enabled patch BotBaseBrainActivateLayerPatch
[Info   :ModulePatch] Enabled patch BotBaseBrainAddLayerPatch
[Info   :DrakiaXYZ-BigBrain] Completed: DrakiaXYZ-BigBrain
[Info   :   BepInEx] Loading [DrakiaXYZ-Waypoints 1.3.0]
[Info   :ModulePatch] Enabled patch DebugPatch
[Info   :ModulePatch] Enabled patch WaypointPatch
[Info   :ModulePatch] Enabled patch BotOwnerRunPatch
[Info   :ModulePatch] Enabled patch EditorPatch
[Info   :ModulePatch] Enabled patch DoorBlockerPatch
[Info   :   BepInEx] Loading [SAIN 2.1.3]
[Info   :ModulePatch] Enabled patch UpdateEFTSettingsPatch
[Info   :ModulePatch] Enabled patch KickPatch
[Info   :ModulePatch] Enabled patch KickPatch
[Info   :ModulePatch] Enabled patch GetBotController
[Info   :ModulePatch] Enabled patch GetBotSpawner
[Info   :ModulePatch] Enabled patch GrenadeThrownActionPatch
[Info   :ModulePatch] Enabled patch GrenadeExplosionActionPatch
[Info   :ModulePatch] Enabled patch BotGroupAddEnemyPatch
[Info   :ModulePatch] Enabled patch BotMemoryAddEnemyPatch
[Info   :ModulePatch] Enabled patch TryPlayShootSoundPatch
[Info   :ModulePatch] Enabled patch HearingSensorPatch
[Info   :ModulePatch] Enabled patch BetterAudioPatch
[Info   :ModulePatch] Enabled patch PlayerTalkPatch
[Info   :ModulePatch] Enabled patch TalkDisablePatch1
[Info   :ModulePatch] Enabled patch TalkDisablePatch2
[Info   :ModulePatch] Enabled patch TalkDisablePatch3
[Info   :ModulePatch] Enabled patch TalkDisablePatch4
[Info   :ModulePatch] Enabled patch NoAIESPPatch
[Info   :ModulePatch] Enabled patch VisionSpeedPatch
[Info   :ModulePatch] Enabled patch VisibleDistancePatch
[Info   :ModulePatch] Enabled patch CheckFlashlightPatch
[Info   :ModulePatch] Enabled patch AimTimePatch
[Info   :ModulePatch] Enabled patch AimOffsetPatch
[Info   :ModulePatch] Enabled patch RecoilPatch
[Info   :ModulePatch] Enabled patch LoseRecoilPatch
[Info   :ModulePatch] Enabled patch EndRecoilPatch
[Info   :ModulePatch] Enabled patch FullAutoPatch
[Info   :ModulePatch] Enabled patch SemiAutoPatch
[Info   :   BepInEx] Loading [MoreCheckmarks 1.5.8]
[Message:   BepInEx] Chainloader startup complete
[Info   :ModulePatch] Enabled patch AmandsLocalPlayerPatch
[Info   :ModulePatch] Enabled patch AmandsGraphicsNVGPatch
[Info   :ModulePatch] Enabled patch AmandsGraphicsApplyNVGPatch
[Warning:  HarmonyX] AmandsGraphicsHBAOPatch: You should only patch implemented methods/constructors to avoid issues. Patch the declared method void HBAO_Core::ApplyPreset(HBAO_Core+Preset preset) instead of void HBAO_Core::ApplyPreset(HBAO_Core+Preset preset).
[Info   :ModulePatch] Enabled patch AmandsGraphicsHBAOPatch
[Info   :ModulePatch] Enabled patch AmandsGraphicsPrismEffectsPatch
[Info   :ModulePatch] Enabled patch AmandsGraphicsOpticPatch
[Info   :ModulePatch] Enabled patch AmandsGraphicsOpticSightPatch
[Info   :ModulePatch] Enabled patch AmandsGraphicsCameraClassPatch
[Info   :ModulePatch] Enabled patch AmandsGraphicsmethod_22Patch
[Info   :ModulePatch] Enabled patch AmandsGraphicsTacticalComboVisualControllerPatch
[Info   :ModulePatch] Enabled patch AmandsGraphicsFastBlurPatch
[Info   :ModulePatch] Enabled patch AmandsGraphicsMethod_7Patch
[Info   :ModulePatch] Enabled patch AmandsGraphicsFastBlurHitPatch
[Info   :ModulePatch] Enabled patch AmandsBattleUIScreenPatch
[Info   :ModulePatch] Enabled patch AmandsEffectsControllerPatch
[Info   :MoreCheckmarks] MoreCheckmarks Started
[Info   :MoreCheckmarks] Configs loaded
[Info   :MoreCheckmarks] Assets loaded
[Info   :MoreCheckmarks] Loading data
[Info   :MoreCheckmarks] 	Quests
[Info   :RequestHandler] Request GET json: fe7ff28d6cefef4139741166:http://127.0.0.1:6969/MoreCheckmarksRoutes/quests
[Info   :RequestHandler] Request was successful
[Info   :RequestHandler] Request GET json: fe7ff28d6cefef4139741166:http://127.0.0.1:6969/singleplayer/settings/version
[Info   :RequestHandler] Request was successful
[Info   :ModulePatch] Server version: SPT-AKI 3.7.0
[Info   :RequestHandler] Request POST json: fe7ff28d6cefef4139741166:http://127.0.0.1:6969/player/health/sync
[Info   :RequestHandler] Request was successful
